# JRE version: OpenJDK Runtime Environment Temurin-21.0.9+10 (21.0.9+10) (build 21.0.9+10-LTS)
# Java VM: OpenJDK 64-Bit Server VM Temurin-21.0.9+10 (21.0.9+10-LTS, mixed mode, sharing, tiered, compressed oops, compressed class ptrs, parallel gc, windows-amd64)
GC Precious Log:
 CardTable entry size: 512
 CPUs: 4 total, 4 available
 Memory: 3819M
 Large Page Support: Disabled
 NUMA Support: Disabled
 Compressed Oops: Enabled (32-bit)
 Alignments: Space 512K, Generation 512K, Heap 2M
 Heap Min Capacity: 100M
 Heap Initial Capacity: 100M
 Heap Max Capacity: 2G
 Pre-touch: Disabled
 Parallel Workers: 4
Heap:
 PSYoungGen      total 1536K, used 996K [0x00000000d5580000, 0x00000000d5800000, 0x0000000100000000)
  eden space 1024K, 66% used [0x00000000d5580000,0x00000000d56291a8,0x00000000d5680000)
  from space 512K, 62% used [0x00000000d5780000,0x00000000d57d0000,0x00000000d5800000)
  to   space 512K, 0% used [0x00000000d5680000,0x00000000d5680000,0x00000000d5700000)
 ParOldGen       total 773120K, used 772979K [0x0000000080000000, 0x00000000af300000, 0x00000000d5580000)
  object space 773120K, 99% used [0x0000000080000000,0x00000000af2dcf80,0x00000000af300000)
 Metaspace       used 98095K, committed 100032K, reserved 1179648K
  class space    used 9976K, committed 10880K, reserved 1048576K
GC Heap History (20 events):
Event: 1773.899 GC heap before
{Heap before GC invocations=4053 (full 8):
 PSYoungGen      total 1024K, used 633K [0x00000000d5580000, 0x00000000d5780000, 0x0000000100000000)
  eden space 512K, 98% used [0x00000000d5580000,0x00000000d55fe4f0,0x00000000d5600000)
  from space 512K, 25% used [0x00000000d5700000,0x00000000d5720000,0x00000000d5780000)
  to   space 512K, 0% used [0x00000000d5600000,0x00000000d5600000,0x00000000d5680000)
 ParOldGen       total 772608K, used 772387K [0x0000000080000000, 0x00000000af280000, 0x00000000d5580000)
  object space 772608K, 99% used [0x0000000080000000,0x00000000af248f40,0x00000000af280000)
 Metaspace       used 98094K, committed 100032K, reserved 1179648K
  class space    used 9976K, committed 10880K, reserved 1048576K
}
Event: 1773.901 GC heap after
{Heap after GC invocations=4053 (full 8):
 PSYoungGen      total 1024K, used 160K [0x00000000d5580000, 0x00000000d5780000, 0x0000000100000000)
  eden space 512K, 0% used [0x00000000d5580000,0x00000000d5580000,0x00000000d5600000)
  from space 512K, 31% used [0x00000000d5600000,0x00000000d5628000,0x00000000d5680000)
  to   space 512K, 0% used [0x00000000d5700000,0x00000000d5700000,0x00000000d5780000)
 ParOldGen       total 772608K, used 772451K [0x0000000080000000, 0x00000000af280000, 0x00000000d5580000)
  object space 772608K, 99% used [0x0000000080000000,0x00000000af258f40,0x00000000af280000)
 Metaspace       used 98094K, committed 100032K, reserved 1179648K
  class space    used 9976K, committed 10880K, reserved 1048576K
}
Event: 1773.913 GC heap before
{Heap before GC invocations=4054 (full 8):
 PSYoungGen      total 1024K, used 672K [0x00000000d5580000, 0x00000000d5780000, 0x0000000100000000)
  eden space 512K, 100% used [0x00000000d5580000,0x00000000d5600000,0x00000000d5600000)
  from space 512K, 31% used [0x00000000d5600000,0x00000000d5628000,0x00000000d5680000)
  to   space 512K, 0% used [0x00000000d5700000,0x00000000d5700000,0x00000000d5780000)
 ParOldGen       total 772608K, used 772451K [0x0000000080000000, 0x00000000af280000, 0x00000000d5580000)
  object space 772608K, 99% used [0x0000000080000000,0x00000000af258f40,0x00000000af280000)
 Metaspace       used 98094K, committed 100032K, reserved 1179648K
  class space    used 9976K, committed 10880K, reserved 1048576K
}
Event: 1773.919 GC heap after
{Heap after GC invocations=4054 (full 8):
 PSYoungGen      total 1024K, used 160K [0x00000000d5580000, 0x00000000d5780000, 0x0000000100000000)
  eden space 512K, 0% used [0x00000000d5580000,0x00000000d5580000,0x00000000d5600000)
  from space 512K, 31% used [0x00000000d5700000,0x00000000d5728000,0x00000000d5780000)
  to   space 512K, 0% used [0x00000000d5600000,0x00000000d5600000,0x00000000d5680000)
 ParOldGen       total 772608K, used 772523K [0x0000000080000000, 0x00000000af280000, 0x00000000d5580000)
  object space 772608K, 99% used [0x0000000080000000,0x00000000af26af40,0x00000000af280000)
 Metaspace       used 98094K, committed 100032K, reserved 1179648K
  class space    used 9976K, committed 10880K, reserved 1048576K
}
Event: 1773.927 GC heap before
{Heap before GC invocations=4055 (full 8):
 PSYoungGen      total 1024K, used 671K [0x00000000d5580000, 0x00000000d5780000, 0x0000000100000000)
  eden space 512K, 99% used [0x00000000d5580000,0x00000000d55fffc8,0x00000000d5600000)
  from space 512K, 31% used [0x00000000d5700000,0x00000000d5728000,0x00000000d5780000)
  to   space 512K, 0% used [0x00000000d5600000,0x00000000d5600000,0x00000000d5680000)
 ParOldGen       total 772608K, used 772523K [0x0000000080000000, 0x00000000af280000, 0x00000000d5580000)
  object space 772608K, 99% used [0x0000000080000000,0x00000000af26af40,0x00000000af280000)
 Metaspace       used 98094K, committed 100032K, reserved 1179648K
  class space    used 9976K, committed 10880K, reserved 1048576K
}
Event: 1773.930 GC heap after
{Heap after GC invocations=4055 (full 8):
 PSYoungGen      total 1024K, used 96K [0x00000000d5580000, 0x00000000d5780000, 0x0000000100000000)
  eden space 512K, 0% used [0x00000000d5580000,0x00000000d5580000,0x00000000d5600000)
  from space 512K, 18% used [0x00000000d5600000,0x00000000d5618000,0x00000000d5680000)
  to   space 512K, 0% used [0x00000000d5700000,0x00000000d5700000,0x00000000d5780000)
 ParOldGen       total 772608K, used 772587K [0x0000000080000000, 0x00000000af280000, 0x00000000d5580000)
  object space 772608K, 99% used [0x0000000080000000,0x00000000af27af40,0x00000000af280000)
 Metaspace       used 98094K, committed 100032K, reserved 1179648K
  class space    used 9976K, committed 10880K, reserved 1048576K
}
Event: 1773.943 GC heap before
{Heap before GC invocations=4056 (full 8):
 PSYoungGen      total 1024K, used 608K [0x00000000d5580000, 0x00000000d5780000, 0x0000000100000000)
  eden space 512K, 100% used [0x00000000d5580000,0x00000000d5600000,0x00000000d5600000)
  from space 512K, 18% used [0x00000000d5600000,0x00000000d5618000,0x00000000d5680000)
  to   space 512K, 0% used [0x00000000d5700000,0x00000000d5700000,0x00000000d5780000)
 ParOldGen       total 772608K, used 772587K [0x0000000080000000, 0x00000000af280000, 0x00000000d5580000)
  object space 772608K, 99% used [0x0000000080000000,0x00000000af27af40,0x00000000af280000)
 Metaspace       used 98094K, committed 100032K, reserved 1179648K
  class space    used 9976K, committed 10880K, reserved 1048576K
}
Event: 1773.946 GC heap after
{Heap after GC invocations=4056 (full 8):
 PSYoungGen      total 1024K, used 128K [0x00000000d5580000, 0x00000000d5780000, 0x0000000100000000)
  eden space 512K, 0% used [0x00000000d5580000,0x00000000d5580000,0x00000000d5600000)
  from space 512K, 25% used [0x00000000d5700000,0x00000000d5720000,0x00000000d5780000)
  to   space 512K, 0% used [0x00000000d5600000,0x00000000d5600000,0x00000000d5680000)
 ParOldGen       total 773120K, used 772611K [0x0000000080000000, 0x00000000af300000, 0x00000000d5580000)
  object space 773120K, 99% used [0x0000000080000000,0x00000000af280f40,0x00000000af300000)
 Metaspace       used 98094K, committed 100032K, reserved 1179648K
  class space    used 9976K, committed 10880K, reserved 1048576K
}
Event: 1773.958 GC heap before
{Heap before GC invocations=4057 (full 8):
 PSYoungGen      total 1024K, used 640K [0x00000000d5580000, 0x00000000d5780000, 0x0000000100000000)
  eden space 512K, 100% used [0x00000000d5580000,0x00000000d5600000,0x00000000d5600000)
  from space 512K, 25% used [0x00000000d5700000,0x00000000d5720000,0x00000000d5780000)
  to   space 512K, 0% used [0x00000000d5600000,0x00000000d5600000,0x00000000d5680000)
 ParOldGen       total 773120K, used 772611K [0x0000000080000000, 0x00000000af300000, 0x00000000d5580000)
  object space 773120K, 99% used [0x0000000080000000,0x00000000af280f40,0x00000000af300000)
 Metaspace       used 98094K, committed 100032K, reserved 1179648K
  class space    used 9976K, committed 10880K, reserved 1048576K
}
Event: 1773.961 GC heap after
{Heap after GC invocations=4057 (full 8):
 PSYoungGen      total 1024K, used 128K [0x00000000d5580000, 0x00000000d5780000, 0x0000000100000000)
  eden space 512K, 0% used [0x00000000d5580000,0x00000000d5580000,0x00000000d5600000)
  from space 512K, 25% used [0x00000000d5600000,0x00000000d5620000,0x00000000d5680000)
  to   space 512K, 0% used [0x00000000d5700000,0x00000000d5700000,0x00000000d5780000)
 ParOldGen       total 773120K, used 772643K [0x0000000080000000, 0x00000000af300000, 0x00000000d5580000)
  object space 773120K, 99% used [0x0000000080000000,0x00000000af288f40,0x00000000af300000)
 Metaspace       used 98094K, committed 100032K, reserved 1179648K
  class space    used 9976K, committed 10880K, reserved 1048576K
}
Event: 1773.970 GC heap before
{Heap before GC invocations=4058 (full 8):
 PSYoungGen      total 1024K, used 640K [0x00000000d5580000, 0x00000000d5780000, 0x0000000100000000)
  eden space 512K, 100% used [0x00000000d5580000,0x00000000d5600000,0x00000000d5600000)
  from space 512K, 25% used [0x00000000d5600000,0x00000000d5620000,0x00000000d5680000)
  to   space 512K, 0% used [0x00000000d5700000,0x00000000d5700000,0x00000000d5780000)
 ParOldGen       total 773120K, used 772643K [0x0000000080000000, 0x00000000af300000, 0x00000000d5580000)
  object space 773120K, 99% used [0x0000000080000000,0x00000000af288f40,0x00000000af300000)
 Metaspace       used 98094K, committed 100032K, reserved 1179648K
  class space    used 9976K, committed 10880K, reserved 1048576K
}
Event: 1773.972 GC heap after
{Heap after GC invocations=4058 (full 8):
 PSYoungGen      total 1024K, used 160K [0x00000000d5580000, 0x00000000d5780000, 0x0000000100000000)
  eden space 512K, 0% used [0x00000000d5580000,0x00000000d5580000,0x00000000d5600000)
  from space 512K, 31% used [0x00000000d5700000,0x00000000d5728000,0x00000000d5780000)
  to   space 512K, 0% used [0x00000000d5600000,0x00000000d5600000,0x00000000d5680000)
 ParOldGen       total 773120K, used 772707K [0x0000000080000000, 0x00000000af300000, 0x00000000d5580000)
  object space 773120K, 99% used [0x0000000080000000,0x00000000af298f60,0x00000000af300000)
 Metaspace       used 98094K, committed 100032K, reserved 1179648K
  class space    used 9976K, committed 10880K, reserved 1048576K
}
Event: 1773.989 GC heap before
{Heap before GC invocations=4059 (full 8):
 PSYoungGen      total 1024K, used 671K [0x00000000d5580000, 0x00000000d5780000, 0x0000000100000000)
  eden space 512K, 99% used [0x00000000d5580000,0x00000000d55fffd8,0x00000000d5600000)
  from space 512K, 31% used [0x00000000d5700000,0x00000000d5728000,0x00000000d5780000)
  to   space 512K, 0% used [0x00000000d5600000,0x00000000d5600000,0x00000000d5680000)
 ParOldGen       total 773120K, used 772707K [0x0000000080000000, 0x00000000af300000, 0x00000000d5580000)
  object space 773120K, 99% used [0x0000000080000000,0x00000000af298f60,0x00000000af300000)
 Metaspace       used 98094K, committed 100032K, reserved 1179648K
  class space    used 9976K, committed 10880K, reserved 1048576K
}
Event: 1773.991 GC heap after
{Heap after GC invocations=4059 (full 8):
 PSYoungGen      total 1024K, used 128K [0x00000000d5580000, 0x00000000d5780000, 0x0000000100000000)
  eden space 512K, 0% used [0x00000000d5580000,0x00000000d5580000,0x00000000d5600000)
  from space 512K, 25% used [0x00000000d5600000,0x00000000d5620000,0x00000000d5680000)
  to   space 512K, 0% used [0x00000000d5700000,0x00000000d5700000,0x00000000d5780000)
 ParOldGen       total 773120K, used 772755K [0x0000000080000000, 0x00000000af300000, 0x00000000d5580000)
  object space 773120K, 99% used [0x0000000080000000,0x00000000af2a4f60,0x00000000af300000)
 Metaspace       used 98094K, committed 100032K, reserved 1179648K
  class space    used 9976K, committed 10880K, reserved 1048576K
}
Event: 1773.994 GC heap before
{Heap before GC invocations=4060 (full 8):
 PSYoungGen      total 1024K, used 640K [0x00000000d5580000, 0x00000000d5780000, 0x0000000100000000)
  eden space 512K, 100% used [0x00000000d5580000,0x00000000d5600000,0x00000000d5600000)
  from space 512K, 25% used [0x00000000d5600000,0x00000000d5620000,0x00000000d5680000)
  to   space 512K, 0% used [0x00000000d5700000,0x00000000d5700000,0x00000000d5780000)
 ParOldGen       total 773120K, used 772755K [0x0000000080000000, 0x00000000af300000, 0x00000000d5580000)
  object space 773120K, 99% used [0x0000000080000000,0x00000000af2a4f60,0x00000000af300000)
 Metaspace       used 98094K, committed 100032K, reserved 1179648K
  class space    used 9976K, committed 10880K, reserved 1048576K
}
Event: 1773.997 GC heap after
{Heap after GC invocations=4060 (full 8):
 PSYoungGen      total 1536K, used 96K [0x00000000d5580000, 0x00000000d5780000, 0x0000000100000000)
  eden space 1024K, 0% used [0x00000000d5580000,0x00000000d5580000,0x00000000d5680000)
  from space 512K, 18% used [0x00000000d5700000,0x00000000d5718000,0x00000000d5780000)
  to   space 512K, 0% used [0x00000000d5680000,0x00000000d5680000,0x00000000d5700000)
 ParOldGen       total 773120K, used 772819K [0x0000000080000000, 0x00000000af300000, 0x00000000d5580000)
  object space 773120K, 99% used [0x0000000080000000,0x00000000af2b4f60,0x00000000af300000)
 Metaspace       used 98094K, committed 100032K, reserved 1179648K
  class space    used 9976K, committed 10880K, reserved 1048576K
}
Event: 1774.021 GC heap before
{Heap before GC invocations=4061 (full 8):
 PSYoungGen      total 1536K, used 1109K [0x00000000d5580000, 0x00000000d5780000, 0x0000000100000000)
  eden space 1024K, 98% used [0x00000000d5580000,0x00000000d567d5d0,0x00000000d5680000)
  from space 512K, 18% used [0x00000000d5700000,0x00000000d5718000,0x00000000d5780000)
  to   space 512K, 0% used [0x00000000d5680000,0x00000000d5680000,0x00000000d5700000)
 ParOldGen       total 773120K, used 772819K [0x0000000080000000, 0x00000000af300000, 0x00000000d5580000)
  object space 773120K, 99% used [0x0000000080000000,0x00000000af2b4f60,0x00000000af300000)
 Metaspace       used 98094K, committed 100032K, reserved 1179648K
  class space    used 9976K, committed 10880K, reserved 1048576K
}
Event: 1774.025 GC heap after
{Heap after GC invocations=4061 (full 8):
 PSYoungGen      total 1536K, used 224K [0x00000000d5580000, 0x00000000d5800000, 0x0000000100000000)
  eden space 1024K, 0% used [0x00000000d5580000,0x00000000d5580000,0x00000000d5680000)
  from space 512K, 43% used [0x00000000d5680000,0x00000000d56b8000,0x00000000d5700000)
  to   space 512K, 0% used [0x00000000d5780000,0x00000000d5780000,0x00000000d5800000)
 ParOldGen       total 773120K, used 772851K [0x0000000080000000, 0x00000000af300000, 0x00000000d5580000)
  object space 773120K, 99% used [0x0000000080000000,0x00000000af2bcf60,0x00000000af300000)
 Metaspace       used 98094K, committed 100032K, reserved 1179648K
  class space    used 9976K, committed 10880K, reserved 1048576K
}
Event: 1774.099 GC heap before
{Heap before GC invocations=4062 (full 8):
 PSYoungGen      total 1536K, used 1248K [0x00000000d5580000, 0x00000000d5800000, 0x0000000100000000)
  eden space 1024K, 100% used [0x00000000d5580000,0x00000000d5680000,0x00000000d5680000)
  from space 512K, 43% used [0x00000000d5680000,0x00000000d56b8000,0x00000000d5700000)
  to   space 512K, 0% used [0x00000000d5780000,0x00000000d5780000,0x00000000d5800000)
 ParOldGen       total 773120K, used 772851K [0x0000000080000000, 0x00000000af300000, 0x00000000d5580000)
  object space 773120K, 99% used [0x0000000080000000,0x00000000af2bcf60,0x00000000af300000)
 Metaspace       used 98094K, committed 100032K, reserved 1179648K
  class space    used 9976K, committed 10880K, reserved 1048576K
}
Event: 1774.107 GC heap after
{Heap after GC invocations=4062 (full 8):
 PSYoungGen      total 1536K, used 320K [0x00000000d5580000, 0x00000000d5800000, 0x0000000100000000)
  eden space 1024K, 0% used [0x00000000d5580000,0x00000000d5580000,0x00000000d5680000)
  from space 512K, 62% used [0x00000000d5780000,0x00000000d57d0000,0x00000000d5800000)
  to   space 512K, 0% used [0x00000000d5680000,0x00000000d5680000,0x00000000d5700000)
 ParOldGen       total 773120K, used 772979K [0x0000000080000000, 0x00000000af300000, 0x00000000d5580000)
  object space 773120K, 99% used [0x0000000080000000,0x00000000af2dcf80,0x00000000af300000)
 Metaspace       used 98094K, committed 100032K, reserved 1179648K
  class space    used 9976K, committed 10880K, reserved 1048576K
}

